<?xml version="1.0" encoding="UTF-8"?>
<testng-results skipped="0" failed="0" ignored="0" total="1" passed="1">
  <reporter-output>
  </reporter-output>
  <suite name="Default suite" duration-ms="5677" started-at="2019-06-19T11:02:29Z" finished-at="2019-06-19T11:02:35Z">
    <groups>
    </groups>
    <test name="Default test" duration-ms="5677" started-at="2019-06-19T11:02:29Z" finished-at="2019-06-19T11:02:35Z">
      <class name="com.w2a.testcase.LoginTest">
        <test-method status="PASS" signature="setUp()[pri:0, instance:com.w2a.testcase.LoginTest@58695725]" name="setUp" is-config="true" duration-ms="13762" started-at="2019-06-19T12:02:15Z" finished-at="2019-06-19T12:02:29Z">
          <reporter-output>
          </reporter-output>
        </test-method> <!-- setUp -->
        <test-method status="PASS" signature="invalidLogin()[pri:0, instance:com.w2a.testcase.LoginTest@58695725]" name="invalidLogin" duration-ms="5653" started-at="2019-06-19T12:02:29Z" finished-at="2019-06-19T12:02:35Z">
          <reporter-output>
          </reporter-output>
        </test-method> <!-- invalidLogin -->
        <test-method status="PASS" signature="tearDown()[pri:0, instance:com.w2a.testcase.LoginTest@58695725]" name="tearDown" is-config="true" duration-ms="1499" started-at="2019-06-19T12:02:35Z" finished-at="2019-06-19T12:02:36Z">
          <reporter-output>
          </reporter-output>
        </test-method> <!-- tearDown -->
      </class> <!-- com.w2a.testcase.LoginTest -->
    </test> <!-- Default test -->
  </suite> <!-- Default suite -->
</testng-results>
